Tue Jul 17 2018 18:37:58 GMT+0200 (Środkowoeuropejski czas letni): GET /auth/google/callback?code=4/AAAB9utScKgzgB8_hKbbt3aZrWyH3FpYvf3nrFfyDRBEfYPne0k7wDQIk2jIzmVpGFQHs1Cl1KbZCTJXcmJeCyk
Tue Jul 17 2018 18:39:34 GMT+0200 (Środkowoeuropejski czas letni): GET /auth/google/callback?code=4/AACrV10TXEGNrtgWtsE5Q5IOSPmZrzil5jDkbk8ISxBAwabNwlHhaicGzpdBT3X0jEQUeq08JU4Tf0iDSUhSCyA
Tue Jul 17 2018 19:24:15 GMT+0200 (Środkowoeuropejski czas letni): GET /auth/google/callback?code=4/AAAwAnaWRwZj6DJ97_8m9tylXbYF9Vhg0RoX42-vJZ4A33o9pKF3CJhYiLq9YuQzHLwcwkSXzD_KZHdYXpgHgyU
Tue Jul 17 2018 21:37:36 GMT+0200 (Środkowoeuropejski czas letni): GET /hotels/
Tue Jul 17 2018 21:37:48 GMT+0200 (Środkowoeuropejski czas letni): GET /hotels/
Tue Jul 17 2018 21:38:18 GMT+0200 (Środkowoeuropejski czas letni): GET /hotels/
Tue Jul 17 2018 21:38:28 GMT+0200 (Środkowoeuropejski czas letni): GET /hotels/
Tue Jul 17 2018 21:39:19 GMT+0200 (Środkowoeuropejski czas letni): GET /hotels/
Tue Jul 17 2018 21:39:41 GMT+0200 (Środkowoeuropejski czas letni): GET /favicon.ico
Tue Jul 17 2018 21:39:45 GMT+0200 (Środkowoeuropejski czas letni): GET /hotels
Tue Jul 17 2018 21:40:44 GMT+0200 (Środkowoeuropejski czas letni): GET /hotels/
Tue Jul 17 2018 21:40:50 GMT+0200 (Środkowoeuropejski czas letni): GET /about
Tue Jul 17 2018 21:41:09 GMT+0200 (Środkowoeuropejski czas letni): GET /hotels/
Tue Jul 17 2018 21:41:17 GMT+0200 (Środkowoeuropejski czas letni): GET /hotels/
Tue Jul 17 2018 21:41:19 GMT+0200 (Środkowoeuropejski czas letni): GET /hotels/
Tue Jul 17 2018 21:41:52 GMT+0200 (Środkowoeuropejski czas letni): GET /hotels/
Tue Jul 17 2018 21:43:27 GMT+0200 (Środkowoeuropejski czas letni): GET /auth/google/callback?code=4/AABYVZA_m-5aS4HEwWFbhknBxGsEefjbQF1uKfOXgsQHExSUKrqdXxMgolBq56PAJJ6gLOsNbJCA05aXVGwl-lg
Sat Jul 21 2018 17:37:09 GMT+0200 (Środkowoeuropejski czas letni): GET /auth/google/callback?code=4/AAC8qov3eN6dIcxY61O-OQbymnT2OWN6DAvq7lz0KnIQRyDsyYr8ld0ifWKtUsN22c5ef6s999TyZZ_ZridxTVU
Mon Jul 23 2018 18:37:58 GMT+0200 (Środkowoeuropejski czas letni): GET /auth/google/callback?code=4/AABDMx6d1fZwaAQXB3Hg8V9x41I_ClatbTj_YK8aXhwSLj6OV9Zqgu0v6fmj9ykE3Uohqk2E5vVBlBsZXljl1t8
Tue Jul 31 2018 21:32:47 GMT+0200 (Środkowoeuropejski czas letni): GET /auth/google/callback?code=4/AAAwsyU5Dnp9xhdpJ_B0Yz4Zm28etSl33WfbF9rh4ZfHLG-EUgswq5qDRkiDN5C4wD4khIngibPiFcE12433F0E
Tue Jul 31 2018 21:38:12 GMT+0200 (Środkowoeuropejski czas letni): GET /auth/google/callback?code=4/AACygjPpRfoLb2ue0xS0J4ZLVCvn7-uGbR-6EN99Z9Im0_DukAXzBtff_aoeyDlg0HVIq8RgC0V1x6ZWpoW_pGY
Tue Jul 31 2018 21:39:07 GMT+0200 (Środkowoeuropejski czas letni): GET /auth/google/callback?code=4/AAAH9O1xRBwc-9eMb6CW-0B-3uOeJebqLoDCOxhINyfcU_dhvddRNxW1Esb7tmRkf2RGAHr9lpYJgCCKuUO8fOM
Tue Jul 31 2018 21:40:29 GMT+0200 (Środkowoeuropejski czas letni): GET /auth/google/callback?code=4/AAAv1zEq7AEPmQn5lTEvOi40jEt8mpXpMYD5ynAn8W1Kz1FalLs8h9nlaLVTT-nkvsFAU27SEkjzmDoxyXTDRG4
Tue Jul 31 2018 21:41:52 GMT+0200 (Środkowoeuropejski czas letni): GET /auth/google/callback?code=4/AACjh_Xv1t8ov2jqdR-WECI-Agz4eLN1akGAvN1xIK3tb64PRkttK_YW9-QgHekAVe5BqUU2ukC-9P5ZX5MD5Wk
Tue Jul 31 2018 21:43:38 GMT+0200 (Środkowoeuropejski czas letni): GET /auth/google/callback?code=4/AACthx6Sbt2AtRzNkfscYGKYa43JwP9K7hldAVnoSLmFDUqV0X2jRS2ZaSdfuHLWCa0sVbFDhOtEE_z6ZRtosFU
Tue Jul 31 2018 21:44:34 GMT+0200 (Środkowoeuropejski czas letni): GET /auth/google/callback?code=4/AACOter5SVXjQQNyHhN4TdVpNMFewQe8wxf7lzWGJ6uHAESEV05nMtYxIV74VQSVBs0LBWUkidXKWs5tZvs613E
Tue Jul 31 2018 21:48:12 GMT+0200 (Środkowoeuropejski czas letni): GET /auth/google/callback?code=4/AABj3h7v2cy7aR_BP08DMBbFeuOKfn3yZlRqsrIrsGJndKRbD0DoBMmXRNYusNOZFlY7YouPj97oLF3H5JD60k4
Tue Jul 31 2018 21:50:26 GMT+0200 (Środkowoeuropejski czas letni): GET /auth/google/callback?code=4/AAAJO3OFEadO2A1_uYGxHFmjKdFWCF0B8ZYsouTZ2BbKd3VWhOvOBfic7MQMl797-R9adLuDneaMGUN8lT0H4z8
Tue Jul 31 2018 21:51:38 GMT+0200 (Środkowoeuropejski czas letni): GET /auth/google/callback?code=4/AABUN63VqYmw74Gr5OsTFJqeGZ_ChpQIRzvBjDhPU1XGKq33BcaqyRZav6e_4rTM6viSrVj3njQp1YpVWzPinVk
Tue Jul 31 2018 21:55:13 GMT+0200 (Środkowoeuropejski czas letni): GET /auth/google/callback?code=4/AADbt_urbpFCSZTawY3ULOK-hm2vQoW-OknADLEZakNZp95DkHrl6qqA0AGAUobWIqigz7wbMwhYAOTV__9For4
Tue Jul 31 2018 21:56:13 GMT+0200 (Środkowoeuropejski czas letni): GET /auth/google/callback?code=4/AABaeXCow45YypW973YDklWv5ZCD2lfgCS2afkFRlgK177frdaS3apiEE5ObwoSXMk5lLVVTnaIHvk1Eey-4eeI
Tue Jul 31 2018 21:57:09 GMT+0200 (Środkowoeuropejski czas letni): GET /auth/google/callback?code=4/AAAjY6Drr45iEAosaw8q0LcJvLZzksfCTM_98ergi9YVlnWTv6ZOxKhGMazm-61vZuwU9JvKZJqu8GitwzImtUE
Tue Jul 31 2018 22:03:21 GMT+0200 (Środkowoeuropejski czas letni): GET /auth/google/callback?code=4/AAAmg_RryXBj9RIHzqroZHH2x_g895NbomIOZxtUAfeXxXhObAjwav6HEPcG4zBFFj5NjKImsqF-qEWctompyGM
Tue Jul 31 2018 22:05:08 GMT+0200 (Środkowoeuropejski czas letni): GET /auth/google/callback?code=4/AABr7MueiclyDMlLsK8LFOyIkf4VHK8EnbHxA-q6aSZwcHlxW2YH_FEyZQ9y4rD8yg3JWIt0l9frJ8dvXlth3ls
Tue Jul 31 2018 22:08:50 GMT+0200 (Środkowoeuropejski czas letni): GET /auth/google/callback?code=4/AAACAjdkEBeVTX_7rqvWBVahuUAWJsJ9nTtBqOomtjTYvwasMrW8BpI4inuWu5uVUPahM_uXGes5yTL4IgZk6ik
Tue Jul 31 2018 22:18:25 GMT+0200 (Środkowoeuropejski czas letni): GET /auth/google/callback?code=4/AABwm2WGLsGKyBayaZzZMNxvLi-uxSoDCfQ-uB2rHcJ6oAqHQZU9p_EbA4goyuO4aVxSGuN5N20nujYmkKWapYU
Tue Jul 31 2018 22:24:07 GMT+0200 (Środkowoeuropejski czas letni): GET /auth/google/callback?code=4/AADAEPyXh1ez9nlGKQvWiA_esddZmC6SyGEwKBfRlXZlOAMi65-bzPO7qk0zwcQWuqhR2mjBbgnFWpZj988q9Xc
