Mon Nov 11 2019 10:50:19 GMT+0100 (Central European Standard Time): GET /public/alex-block-354270-unsplash.jpg
Mon Nov 11 2019 10:50:19 GMT+0100 (Central European Standard Time): GET /public/chuttersnap-221987-unsplash.jpg
Mon Nov 11 2019 10:50:19 GMT+0100 (Central European Standard Time): GET /public/daniil-vnoutchkov-397278-unsplash.jpg
Mon Nov 11 2019 10:50:19 GMT+0100 (Central European Standard Time): GET /public/francesca-saraco-64809-unsplash.jpg
Mon Nov 11 2019 10:50:19 GMT+0100 (Central European Standard Time): GET /public/shane-hauser-140922-unsplash.jpg
Mon Nov 11 2019 10:50:19 GMT+0100 (Central European Standard Time): GET /uploads/2018-05-18T16-22-01.636Zscott-webb-67607-unsplash.jpg
Mon Nov 11 2019 10:56:59 GMT+0100 (Central European Standard Time): GET /public/alex-block-354270-unsplash.jpg
Mon Nov 11 2019 10:56:59 GMT+0100 (Central European Standard Time): GET /public/chuttersnap-221987-unsplash.jpg
Mon Nov 11 2019 10:56:59 GMT+0100 (Central European Standard Time): GET /public/daniil-vnoutchkov-397278-unsplash.jpg
Mon Nov 11 2019 10:56:59 GMT+0100 (Central European Standard Time): GET /public/francesca-saraco-64809-unsplash.jpg
Mon Nov 11 2019 10:56:59 GMT+0100 (Central European Standard Time): GET /public/shane-hauser-140922-unsplash.jpg
Mon Nov 11 2019 10:56:59 GMT+0100 (Central European Standard Time): GET /uploads/2018-05-18T16-22-01.636Zscott-webb-67607-unsplash.jpg
Mon Nov 11 2019 10:57:39 GMT+0100 (Central European Standard Time): GET /auth/google/callback?code=4%2FtAHO0b23WI_8B0_T00YdCDnwj57qF-GBIjFDReoMjYvgClbgQxVpMpTv2a348gGRRo9XiQPPKznuuZlrwLZqO_g&scope=email+profile+https%3A%2F%2Fwww.googleapis.com%2Fauth%2Fuserinfo.profile+https%3A%2F%2Fwww.googleapis.com%2Fauth%2Fuserinfo.email+openid&authuser=0&session_state=26affe370fec579b9bf1794283d9ec79c9cced3c..b93a&prompt=consent
Mon Nov 11 2019 10:57:40 GMT+0100 (Central European Standard Time): GET /public/alex-block-354270-unsplash.jpg
Mon Nov 11 2019 10:57:40 GMT+0100 (Central European Standard Time): GET /public/chuttersnap-221987-unsplash.jpg
Mon Nov 11 2019 10:57:41 GMT+0100 (Central European Standard Time): GET /public/daniil-vnoutchkov-397278-unsplash.jpg
Mon Nov 11 2019 10:57:41 GMT+0100 (Central European Standard Time): GET /public/francesca-saraco-64809-unsplash.jpg
Mon Nov 11 2019 10:57:41 GMT+0100 (Central European Standard Time): GET /public/shane-hauser-140922-unsplash.jpg
Mon Nov 11 2019 10:57:41 GMT+0100 (Central European Standard Time): GET /uploads/2018-05-18T16-22-01.636Zscott-webb-67607-unsplash.jpg
Mon Nov 11 2019 10:58:23 GMT+0100 (Central European Standard Time): GET /public/alex-block-354270-unsplash.jpg
Mon Nov 11 2019 10:58:23 GMT+0100 (Central European Standard Time): GET /public/chuttersnap-221987-unsplash.jpg
Mon Nov 11 2019 10:58:23 GMT+0100 (Central European Standard Time): GET /public/daniil-vnoutchkov-397278-unsplash.jpg
Mon Nov 11 2019 10:58:23 GMT+0100 (Central European Standard Time): GET /public/francesca-saraco-64809-unsplash.jpg
Mon Nov 11 2019 10:58:24 GMT+0100 (Central European Standard Time): GET /uploads/2018-05-18T16-22-01.636Zscott-webb-67607-unsplash.jpg
Mon Nov 11 2019 10:58:24 GMT+0100 (Central European Standard Time): GET /public/shane-hauser-140922-unsplash.jpg
Mon Nov 11 2019 10:58:28 GMT+0100 (Central European Standard Time): GET /public/alex-block-354270-unsplash.jpg
Mon Nov 11 2019 10:58:28 GMT+0100 (Central European Standard Time): GET /public/chuttersnap-221987-unsplash.jpg
Mon Nov 11 2019 10:58:28 GMT+0100 (Central European Standard Time): GET /public/daniil-vnoutchkov-397278-unsplash.jpg
Mon Nov 11 2019 10:58:28 GMT+0100 (Central European Standard Time): GET /public/francesca-saraco-64809-unsplash.jpg
Mon Nov 11 2019 10:58:28 GMT+0100 (Central European Standard Time): GET /public/shane-hauser-140922-unsplash.jpg
Mon Nov 11 2019 10:58:28 GMT+0100 (Central European Standard Time): GET /uploads/2018-05-18T16-22-01.636Zscott-webb-67607-unsplash.jpg
Mon Nov 11 2019 10:58:37 GMT+0100 (Central European Standard Time): GET /auth/google/callback?code=4%2FtAHYmXz-4l7HCUW8yWAiReD6EbQ6ImUVvelIDZrd8nVquEFnIvHhKZ9iPLak2lwoEcQguCXaa64xK3DXvm4--Zo&scope=email+profile+https%3A%2F%2Fwww.googleapis.com%2Fauth%2Fuserinfo.profile+https%3A%2F%2Fwww.googleapis.com%2Fauth%2Fuserinfo.email+openid&authuser=0&session_state=3c43aea45bc49e04f5a4a0851ea62deaaf975a0c..c7b6&prompt=consent
Mon Nov 11 2019 10:58:39 GMT+0100 (Central European Standard Time): GET /public/chuttersnap-221987-unsplash.jpg
Mon Nov 11 2019 10:58:39 GMT+0100 (Central European Standard Time): GET /public/shane-hauser-140922-unsplash.jpg
Mon Nov 11 2019 10:58:39 GMT+0100 (Central European Standard Time): GET /uploads/2018-05-18T16-22-01.636Zscott-webb-67607-unsplash.jpg
Mon Nov 11 2019 10:58:39 GMT+0100 (Central European Standard Time): GET /public/francesca-saraco-64809-unsplash.jpg
Mon Nov 11 2019 10:58:39 GMT+0100 (Central European Standard Time): GET /public/daniil-vnoutchkov-397278-unsplash.jpg
Mon Nov 11 2019 10:58:39 GMT+0100 (Central European Standard Time): GET /public/alex-block-354270-unsplash.jpg
Mon Nov 11 2019 11:00:18 GMT+0100 (Central European Standard Time): GET /public/alex-block-354270-unsplash.jpg
Mon Nov 11 2019 11:00:18 GMT+0100 (Central European Standard Time): GET /public/chuttersnap-221987-unsplash.jpg
Mon Nov 11 2019 11:00:18 GMT+0100 (Central European Standard Time): GET /public/daniil-vnoutchkov-397278-unsplash.jpg
Mon Nov 11 2019 11:00:18 GMT+0100 (Central European Standard Time): GET /public/francesca-saraco-64809-unsplash.jpg
Mon Nov 11 2019 11:00:18 GMT+0100 (Central European Standard Time): GET /public/shane-hauser-140922-unsplash.jpg
Mon Nov 11 2019 11:00:18 GMT+0100 (Central European Standard Time): GET /uploads/2018-05-18T16-22-01.636Zscott-webb-67607-unsplash.jpg
Mon Nov 11 2019 11:14:23 GMT+0100 (Central European Standard Time): GET /public/alex-block-354270-unsplash.jpg
Mon Nov 11 2019 11:14:23 GMT+0100 (Central European Standard Time): GET /public/chuttersnap-221987-unsplash.jpg
Mon Nov 11 2019 11:14:23 GMT+0100 (Central European Standard Time): GET /public/francesca-saraco-64809-unsplash.jpg
Mon Nov 11 2019 11:14:23 GMT+0100 (Central European Standard Time): GET /public/daniil-vnoutchkov-397278-unsplash.jpg
Mon Nov 11 2019 11:14:23 GMT+0100 (Central European Standard Time): GET /public/shane-hauser-140922-unsplash.jpg
Mon Nov 11 2019 11:14:23 GMT+0100 (Central European Standard Time): GET /uploads/2018-05-18T16-22-01.636Zscott-webb-67607-unsplash.jpg
Mon Nov 11 2019 11:16:40 GMT+0100 (Central European Standard Time): GET /public/alex-block-354270-unsplash.jpg
Mon Nov 11 2019 11:16:40 GMT+0100 (Central European Standard Time): GET /public/chuttersnap-221987-unsplash.jpg
Mon Nov 11 2019 11:16:40 GMT+0100 (Central European Standard Time): GET /public/daniil-vnoutchkov-397278-unsplash.jpg
Mon Nov 11 2019 11:16:40 GMT+0100 (Central European Standard Time): GET /public/francesca-saraco-64809-unsplash.jpg
Mon Nov 11 2019 11:16:40 GMT+0100 (Central European Standard Time): GET /public/shane-hauser-140922-unsplash.jpg
Mon Nov 11 2019 11:16:40 GMT+0100 (Central European Standard Time): GET /uploads/2018-05-18T16-22-01.636Zscott-webb-67607-unsplash.jpg
Mon Nov 11 2019 11:19:17 GMT+0100 (Central European Standard Time): GET /public/alex-block-354270-unsplash.jpg
Mon Nov 11 2019 11:19:17 GMT+0100 (Central European Standard Time): GET /public/chuttersnap-221987-unsplash.jpg
Mon Nov 11 2019 11:19:17 GMT+0100 (Central European Standard Time): GET /public/daniil-vnoutchkov-397278-unsplash.jpg
Mon Nov 11 2019 11:19:17 GMT+0100 (Central European Standard Time): GET /public/francesca-saraco-64809-unsplash.jpg
Mon Nov 11 2019 11:19:17 GMT+0100 (Central European Standard Time): GET /public/shane-hauser-140922-unsplash.jpg
Mon Nov 11 2019 11:19:17 GMT+0100 (Central European Standard Time): GET /uploads/2018-05-18T16-22-01.636Zscott-webb-67607-unsplash.jpg
Mon Nov 11 2019 11:19:25 GMT+0100 (Central European Standard Time): GET /public/alex-block-354270-unsplash.jpg
Mon Nov 11 2019 11:19:25 GMT+0100 (Central European Standard Time): GET /public/chuttersnap-221987-unsplash.jpg
Mon Nov 11 2019 11:19:25 GMT+0100 (Central European Standard Time): GET /public/daniil-vnoutchkov-397278-unsplash.jpg
Mon Nov 11 2019 11:19:25 GMT+0100 (Central European Standard Time): GET /public/francesca-saraco-64809-unsplash.jpg
Mon Nov 11 2019 11:19:25 GMT+0100 (Central European Standard Time): GET /public/shane-hauser-140922-unsplash.jpg
Mon Nov 11 2019 11:19:25 GMT+0100 (Central European Standard Time): GET /uploads/2018-05-18T16-22-01.636Zscott-webb-67607-unsplash.jpg
Mon Nov 11 2019 11:20:33 GMT+0100 (Central European Standard Time): GET /public/alex-block-354270-unsplash.jpg
Mon Nov 11 2019 11:20:33 GMT+0100 (Central European Standard Time): GET /public/chuttersnap-221987-unsplash.jpg
Mon Nov 11 2019 11:20:33 GMT+0100 (Central European Standard Time): GET /public/daniil-vnoutchkov-397278-unsplash.jpg
Mon Nov 11 2019 11:20:33 GMT+0100 (Central European Standard Time): GET /public/francesca-saraco-64809-unsplash.jpg
Mon Nov 11 2019 11:20:33 GMT+0100 (Central European Standard Time): GET /public/shane-hauser-140922-unsplash.jpg
Mon Nov 11 2019 11:20:33 GMT+0100 (Central European Standard Time): GET /uploads/2018-05-18T16-22-01.636Zscott-webb-67607-unsplash.jpg
Mon Nov 11 2019 11:20:44 GMT+0100 (Central European Standard Time): GET /public/alex-block-354270-unsplash.jpg
Mon Nov 11 2019 11:20:44 GMT+0100 (Central European Standard Time): GET /public/daniil-vnoutchkov-397278-unsplash.jpg
Mon Nov 11 2019 11:20:44 GMT+0100 (Central European Standard Time): GET /public/chuttersnap-221987-unsplash.jpg
Mon Nov 11 2019 11:20:44 GMT+0100 (Central European Standard Time): GET /public/francesca-saraco-64809-unsplash.jpg
Mon Nov 11 2019 11:20:44 GMT+0100 (Central European Standard Time): GET /public/shane-hauser-140922-unsplash.jpg
Mon Nov 11 2019 11:20:44 GMT+0100 (Central European Standard Time): GET /uploads/2018-05-18T16-22-01.636Zscott-webb-67607-unsplash.jpg
Mon Nov 11 2019 11:20:48 GMT+0100 (Central European Standard Time): GET /public/chuttersnap-221987-unsplash.jpg
Mon Nov 11 2019 11:20:48 GMT+0100 (Central European Standard Time): GET /public/alex-block-354270-unsplash.jpg
Mon Nov 11 2019 11:20:48 GMT+0100 (Central European Standard Time): GET /public/daniil-vnoutchkov-397278-unsplash.jpg
Mon Nov 11 2019 11:20:48 GMT+0100 (Central European Standard Time): GET /public/francesca-saraco-64809-unsplash.jpg
Mon Nov 11 2019 11:20:48 GMT+0100 (Central European Standard Time): GET /public/shane-hauser-140922-unsplash.jpg
Mon Nov 11 2019 11:20:48 GMT+0100 (Central European Standard Time): GET /uploads/2018-05-18T16-22-01.636Zscott-webb-67607-unsplash.jpg
Mon Nov 11 2019 11:35:16 GMT+0100 (Central European Standard Time): GET /public/alex-block-354270-unsplash.jpg
Mon Nov 11 2019 11:35:16 GMT+0100 (Central European Standard Time): GET /public/chuttersnap-221987-unsplash.jpg
Mon Nov 11 2019 11:35:16 GMT+0100 (Central European Standard Time): GET /public/daniil-vnoutchkov-397278-unsplash.jpg
Mon Nov 11 2019 11:35:16 GMT+0100 (Central European Standard Time): GET /public/francesca-saraco-64809-unsplash.jpg
Mon Nov 11 2019 11:35:16 GMT+0100 (Central European Standard Time): GET /public/shane-hauser-140922-unsplash.jpg
Mon Nov 11 2019 11:35:16 GMT+0100 (Central European Standard Time): GET /uploads/2018-05-18T16-22-01.636Zscott-webb-67607-unsplash.jpg
Mon Nov 11 2019 11:37:28 GMT+0100 (Central European Standard Time): GET /public/alex-block-354270-unsplash.jpg
Mon Nov 11 2019 11:37:28 GMT+0100 (Central European Standard Time): GET /public/chuttersnap-221987-unsplash.jpg
Mon Nov 11 2019 11:37:28 GMT+0100 (Central European Standard Time): GET /public/daniil-vnoutchkov-397278-unsplash.jpg
Mon Nov 11 2019 11:37:28 GMT+0100 (Central European Standard Time): GET /public/francesca-saraco-64809-unsplash.jpg
Mon Nov 11 2019 11:37:28 GMT+0100 (Central European Standard Time): GET /public/shane-hauser-140922-unsplash.jpg
Mon Nov 11 2019 11:37:28 GMT+0100 (Central European Standard Time): GET /uploads/2018-05-18T16-22-01.636Zscott-webb-67607-unsplash.jpg
Mon Nov 11 2019 11:40:42 GMT+0100 (Central European Standard Time): GET /public/alex-block-354270-unsplash.jpg
Mon Nov 11 2019 11:40:42 GMT+0100 (Central European Standard Time): GET /public/chuttersnap-221987-unsplash.jpg
Mon Nov 11 2019 11:40:42 GMT+0100 (Central European Standard Time): GET /public/daniil-vnoutchkov-397278-unsplash.jpg
Mon Nov 11 2019 11:40:42 GMT+0100 (Central European Standard Time): GET /public/francesca-saraco-64809-unsplash.jpg
Mon Nov 11 2019 11:40:42 GMT+0100 (Central European Standard Time): GET /public/shane-hauser-140922-unsplash.jpg
Mon Nov 11 2019 11:40:42 GMT+0100 (Central European Standard Time): GET /uploads/2018-05-18T16-22-01.636Zscott-webb-67607-unsplash.jpg
Mon Nov 11 2019 11:41:18 GMT+0100 (Central European Standard Time): GET /public/alex-block-354270-unsplash.jpg
Mon Nov 11 2019 11:41:18 GMT+0100 (Central European Standard Time): GET /public/chuttersnap-221987-unsplash.jpg
Mon Nov 11 2019 11:41:18 GMT+0100 (Central European Standard Time): GET /public/daniil-vnoutchkov-397278-unsplash.jpg
Mon Nov 11 2019 11:41:18 GMT+0100 (Central European Standard Time): GET /public/francesca-saraco-64809-unsplash.jpg
Mon Nov 11 2019 11:41:18 GMT+0100 (Central European Standard Time): GET /public/shane-hauser-140922-unsplash.jpg
Mon Nov 11 2019 11:41:18 GMT+0100 (Central European Standard Time): GET /uploads/2018-05-18T16-22-01.636Zscott-webb-67607-unsplash.jpg
Mon Nov 11 2019 11:43:33 GMT+0100 (Central European Standard Time): GET /public/alex-block-354270-unsplash.jpg
Mon Nov 11 2019 11:43:33 GMT+0100 (Central European Standard Time): GET /public/chuttersnap-221987-unsplash.jpg
Mon Nov 11 2019 11:43:33 GMT+0100 (Central European Standard Time): GET /public/daniil-vnoutchkov-397278-unsplash.jpg
Mon Nov 11 2019 11:43:33 GMT+0100 (Central European Standard Time): GET /public/francesca-saraco-64809-unsplash.jpg
Mon Nov 11 2019 11:43:33 GMT+0100 (Central European Standard Time): GET /public/shane-hauser-140922-unsplash.jpg
Mon Nov 11 2019 11:43:33 GMT+0100 (Central European Standard Time): GET /uploads/2018-05-18T16-22-01.636Zscott-webb-67607-unsplash.jpg
Mon Nov 11 2019 11:44:23 GMT+0100 (Central European Standard Time): GET /public/alex-block-354270-unsplash.jpg
Mon Nov 11 2019 11:44:24 GMT+0100 (Central European Standard Time): GET /public/chuttersnap-221987-unsplash.jpg
Mon Nov 11 2019 11:44:24 GMT+0100 (Central European Standard Time): GET /public/daniil-vnoutchkov-397278-unsplash.jpg
Mon Nov 11 2019 11:44:25 GMT+0100 (Central European Standard Time): GET /public/francesca-saraco-64809-unsplash.jpg
Mon Nov 11 2019 11:44:25 GMT+0100 (Central European Standard Time): GET /public/shane-hauser-140922-unsplash.jpg
Mon Nov 11 2019 11:44:25 GMT+0100 (Central European Standard Time): GET /uploads/2018-05-18T16-22-01.636Zscott-webb-67607-unsplash.jpg
Mon Nov 11 2019 11:44:58 GMT+0100 (Central European Standard Time): GET /public/alex-block-354270-unsplash.jpg
Mon Nov 11 2019 11:44:58 GMT+0100 (Central European Standard Time): GET /public/chuttersnap-221987-unsplash.jpg
Mon Nov 11 2019 11:44:58 GMT+0100 (Central European Standard Time): GET /public/daniil-vnoutchkov-397278-unsplash.jpg
Mon Nov 11 2019 11:44:58 GMT+0100 (Central European Standard Time): GET /public/francesca-saraco-64809-unsplash.jpg
Mon Nov 11 2019 11:44:58 GMT+0100 (Central European Standard Time): GET /uploads/2018-05-18T16-22-01.636Zscott-webb-67607-unsplash.jpg
Mon Nov 11 2019 11:44:58 GMT+0100 (Central European Standard Time): GET /public/shane-hauser-140922-unsplash.jpg
Mon Nov 11 2019 11:45:11 GMT+0100 (Central European Standard Time): GET /public/alex-block-354270-unsplash.jpg
Mon Nov 11 2019 11:45:11 GMT+0100 (Central European Standard Time): GET /public/chuttersnap-221987-unsplash.jpg
Mon Nov 11 2019 11:45:11 GMT+0100 (Central European Standard Time): GET /public/daniil-vnoutchkov-397278-unsplash.jpg
Mon Nov 11 2019 11:45:11 GMT+0100 (Central European Standard Time): GET /public/francesca-saraco-64809-unsplash.jpg
Mon Nov 11 2019 11:45:11 GMT+0100 (Central European Standard Time): GET /public/shane-hauser-140922-unsplash.jpg
Mon Nov 11 2019 11:45:11 GMT+0100 (Central European Standard Time): GET /uploads/2018-05-18T16-22-01.636Zscott-webb-67607-unsplash.jpg
Mon Nov 11 2019 11:45:49 GMT+0100 (Central European Standard Time): GET /public/alex-block-354270-unsplash.jpg
Mon Nov 11 2019 11:45:49 GMT+0100 (Central European Standard Time): GET /public/chuttersnap-221987-unsplash.jpg
Mon Nov 11 2019 11:45:49 GMT+0100 (Central European Standard Time): GET /public/daniil-vnoutchkov-397278-unsplash.jpg
Mon Nov 11 2019 11:45:49 GMT+0100 (Central European Standard Time): GET /public/francesca-saraco-64809-unsplash.jpg
Mon Nov 11 2019 11:45:49 GMT+0100 (Central European Standard Time): GET /public/shane-hauser-140922-unsplash.jpg
Mon Nov 11 2019 11:45:49 GMT+0100 (Central European Standard Time): GET /uploads/2018-05-18T16-22-01.636Zscott-webb-67607-unsplash.jpg
Mon Nov 11 2019 11:46:28 GMT+0100 (Central European Standard Time): GET /public/alex-block-354270-unsplash.jpg
Mon Nov 11 2019 11:46:28 GMT+0100 (Central European Standard Time): GET /public/chuttersnap-221987-unsplash.jpg
Mon Nov 11 2019 11:46:28 GMT+0100 (Central European Standard Time): GET /public/daniil-vnoutchkov-397278-unsplash.jpg
Mon Nov 11 2019 11:46:28 GMT+0100 (Central European Standard Time): GET /public/shane-hauser-140922-unsplash.jpg
Mon Nov 11 2019 11:46:28 GMT+0100 (Central European Standard Time): GET /public/francesca-saraco-64809-unsplash.jpg
Mon Nov 11 2019 11:46:28 GMT+0100 (Central European Standard Time): GET /uploads/2018-05-18T16-22-01.636Zscott-webb-67607-unsplash.jpg
Mon Nov 11 2019 11:46:49 GMT+0100 (Central European Standard Time): GET /public/alex-block-354270-unsplash.jpg
Mon Nov 11 2019 11:46:49 GMT+0100 (Central European Standard Time): GET /public/chuttersnap-221987-unsplash.jpg
Mon Nov 11 2019 11:46:49 GMT+0100 (Central European Standard Time): GET /public/daniil-vnoutchkov-397278-unsplash.jpg
Mon Nov 11 2019 11:46:49 GMT+0100 (Central European Standard Time): GET /public/francesca-saraco-64809-unsplash.jpg
Mon Nov 11 2019 11:46:49 GMT+0100 (Central European Standard Time): GET /public/shane-hauser-140922-unsplash.jpg
Mon Nov 11 2019 11:46:49 GMT+0100 (Central European Standard Time): GET /uploads/2018-05-18T16-22-01.636Zscott-webb-67607-unsplash.jpg
Mon Nov 11 2019 11:47:01 GMT+0100 (Central European Standard Time): GET /auth/google/callback?code=4%2FtAE4BAjXRNwRsNAAmiTFQOj6c7-1iUDz0pGdr1L3Kk36cZA2Uj1o10shCbwC0-SvaozJOa-ak9Ifep5rRqXBMFQ&scope=email+profile+https%3A%2F%2Fwww.googleapis.com%2Fauth%2Fuserinfo.profile+https%3A%2F%2Fwww.googleapis.com%2Fauth%2Fuserinfo.email+openid&authuser=0&session_state=359aa6199833f2105b536fa6b9797b83bf443032..9ad8&prompt=consent
Mon Nov 11 2019 11:47:03 GMT+0100 (Central European Standard Time): GET /public/alex-block-354270-unsplash.jpg
Mon Nov 11 2019 11:47:03 GMT+0100 (Central European Standard Time): GET /public/chuttersnap-221987-unsplash.jpg
Mon Nov 11 2019 11:47:03 GMT+0100 (Central European Standard Time): GET /public/daniil-vnoutchkov-397278-unsplash.jpg
Mon Nov 11 2019 11:47:03 GMT+0100 (Central European Standard Time): GET /public/francesca-saraco-64809-unsplash.jpg
Mon Nov 11 2019 11:47:03 GMT+0100 (Central European Standard Time): GET /public/shane-hauser-140922-unsplash.jpg
Mon Nov 11 2019 11:47:03 GMT+0100 (Central European Standard Time): GET /uploads/2018-05-18T16-22-01.636Zscott-webb-67607-unsplash.jpg
Mon Nov 11 2019 11:49:01 GMT+0100 (Central European Standard Time): GET /public/alex-block-354270-unsplash.jpg
Mon Nov 11 2019 11:49:01 GMT+0100 (Central European Standard Time): GET /public/chuttersnap-221987-unsplash.jpg
Mon Nov 11 2019 11:49:01 GMT+0100 (Central European Standard Time): GET /public/daniil-vnoutchkov-397278-unsplash.jpg
Mon Nov 11 2019 11:49:02 GMT+0100 (Central European Standard Time): GET /public/shane-hauser-140922-unsplash.jpg
Mon Nov 11 2019 11:49:02 GMT+0100 (Central European Standard Time): GET /public/francesca-saraco-64809-unsplash.jpg
Mon Nov 11 2019 11:49:02 GMT+0100 (Central European Standard Time): GET /uploads/2018-05-18T16-22-01.636Zscott-webb-67607-unsplash.jpg
Mon Nov 11 2019 11:50:27 GMT+0100 (Central European Standard Time): GET /public/alex-block-354270-unsplash.jpg
Mon Nov 11 2019 11:50:27 GMT+0100 (Central European Standard Time): GET /public/chuttersnap-221987-unsplash.jpg
Mon Nov 11 2019 11:50:28 GMT+0100 (Central European Standard Time): GET /public/shane-hauser-140922-unsplash.jpg
Mon Nov 11 2019 11:50:28 GMT+0100 (Central European Standard Time): GET /public/francesca-saraco-64809-unsplash.jpg
Mon Nov 11 2019 11:50:28 GMT+0100 (Central European Standard Time): GET /public/daniil-vnoutchkov-397278-unsplash.jpg
Mon Nov 11 2019 11:50:29 GMT+0100 (Central European Standard Time): GET /uploads/2018-05-18T16-22-01.636Zscott-webb-67607-unsplash.jpg
Mon Nov 11 2019 11:50:38 GMT+0100 (Central European Standard Time): GET /public/shane-hauser-140922-unsplash.jpg
Mon Nov 11 2019 11:50:38 GMT+0100 (Central European Standard Time): GET /public/francesca-saraco-64809-unsplash.jpg
Mon Nov 11 2019 11:50:38 GMT+0100 (Central European Standard Time): GET /uploads/2018-05-18T16-22-01.636Zscott-webb-67607-unsplash.jpg
Mon Nov 11 2019 11:50:38 GMT+0100 (Central European Standard Time): GET /public/chuttersnap-221987-unsplash.jpg
Mon Nov 11 2019 11:50:38 GMT+0100 (Central European Standard Time): GET /public/alex-block-354270-unsplash.jpg
Mon Nov 11 2019 11:50:38 GMT+0100 (Central European Standard Time): GET /public/daniil-vnoutchkov-397278-unsplash.jpg
Mon Nov 11 2019 11:50:44 GMT+0100 (Central European Standard Time): GET /public/alex-block-354270-unsplash.jpg
Mon Nov 11 2019 11:50:44 GMT+0100 (Central European Standard Time): GET /public/chuttersnap-221987-unsplash.jpg
Mon Nov 11 2019 11:50:44 GMT+0100 (Central European Standard Time): GET /public/daniil-vnoutchkov-397278-unsplash.jpg
Mon Nov 11 2019 11:50:44 GMT+0100 (Central European Standard Time): GET /public/francesca-saraco-64809-unsplash.jpg
Mon Nov 11 2019 11:50:44 GMT+0100 (Central European Standard Time): GET /public/shane-hauser-140922-unsplash.jpg
Mon Nov 11 2019 11:50:44 GMT+0100 (Central European Standard Time): GET /uploads/2018-05-18T16-22-01.636Zscott-webb-67607-unsplash.jpg
Mon Nov 11 2019 11:50:53 GMT+0100 (Central European Standard Time): GET /auth/google/callback?code=4%2FtAE9ZCtH9A5jk-1n8zFaupHGZ_pt77ACPPfYzu8EtrZoNIPPRIKrFu7UwkubEp7OCCelyJ0uPiqbPwRjSlP3Y5c&scope=email+profile+https%3A%2F%2Fwww.googleapis.com%2Fauth%2Fuserinfo.profile+https%3A%2F%2Fwww.googleapis.com%2Fauth%2Fuserinfo.email+openid&authuser=0&session_state=3b126981c7ff26caa57c6dd91b2326bfd67344da..f3e3&prompt=consent
Mon Nov 11 2019 11:50:55 GMT+0100 (Central European Standard Time): GET /public/alex-block-354270-unsplash.jpg
Mon Nov 11 2019 11:50:55 GMT+0100 (Central European Standard Time): GET /public/chuttersnap-221987-unsplash.jpg
Mon Nov 11 2019 11:50:55 GMT+0100 (Central European Standard Time): GET /public/daniil-vnoutchkov-397278-unsplash.jpg
Mon Nov 11 2019 11:50:55 GMT+0100 (Central European Standard Time): GET /public/francesca-saraco-64809-unsplash.jpg
Mon Nov 11 2019 11:50:55 GMT+0100 (Central European Standard Time): GET /public/shane-hauser-140922-unsplash.jpg
Mon Nov 11 2019 11:50:56 GMT+0100 (Central European Standard Time): GET /uploads/2018-05-18T16-22-01.636Zscott-webb-67607-unsplash.jpg
Mon Nov 11 2019 11:51:48 GMT+0100 (Central European Standard Time): GET /public/alex-block-354270-unsplash.jpg
Mon Nov 11 2019 11:51:48 GMT+0100 (Central European Standard Time): GET /public/chuttersnap-221987-unsplash.jpg
Mon Nov 11 2019 11:51:48 GMT+0100 (Central European Standard Time): GET /public/daniil-vnoutchkov-397278-unsplash.jpg
Mon Nov 11 2019 11:51:48 GMT+0100 (Central European Standard Time): GET /public/francesca-saraco-64809-unsplash.jpg
Mon Nov 11 2019 11:51:48 GMT+0100 (Central European Standard Time): GET /public/shane-hauser-140922-unsplash.jpg
Mon Nov 11 2019 11:51:48 GMT+0100 (Central European Standard Time): GET /uploads/2018-05-18T16-22-01.636Zscott-webb-67607-unsplash.jpg
Mon Nov 11 2019 11:51:54 GMT+0100 (Central European Standard Time): GET /public/alex-block-354270-unsplash.jpg
Mon Nov 11 2019 11:51:54 GMT+0100 (Central European Standard Time): GET /public/chuttersnap-221987-unsplash.jpg
Mon Nov 11 2019 11:51:54 GMT+0100 (Central European Standard Time): GET /public/daniil-vnoutchkov-397278-unsplash.jpg
Mon Nov 11 2019 11:51:55 GMT+0100 (Central European Standard Time): GET /public/francesca-saraco-64809-unsplash.jpg
Mon Nov 11 2019 11:51:55 GMT+0100 (Central European Standard Time): GET /public/shane-hauser-140922-unsplash.jpg
Mon Nov 11 2019 11:51:55 GMT+0100 (Central European Standard Time): GET /uploads/2018-05-18T16-22-01.636Zscott-webb-67607-unsplash.jpg
Mon Nov 11 2019 11:52:09 GMT+0100 (Central European Standard Time): GET /public/alex-block-354270-unsplash.jpg
Mon Nov 11 2019 11:52:09 GMT+0100 (Central European Standard Time): GET /public/chuttersnap-221987-unsplash.jpg
Mon Nov 11 2019 11:52:09 GMT+0100 (Central European Standard Time): GET /public/daniil-vnoutchkov-397278-unsplash.jpg
Mon Nov 11 2019 11:52:09 GMT+0100 (Central European Standard Time): GET /public/francesca-saraco-64809-unsplash.jpg
Mon Nov 11 2019 11:52:09 GMT+0100 (Central European Standard Time): GET /public/shane-hauser-140922-unsplash.jpg
Mon Nov 11 2019 11:52:09 GMT+0100 (Central European Standard Time): GET /uploads/2018-05-18T16-22-01.636Zscott-webb-67607-unsplash.jpg
Mon Nov 11 2019 11:53:26 GMT+0100 (Central European Standard Time): GET /public/alex-block-354270-unsplash.jpg
Mon Nov 11 2019 11:53:26 GMT+0100 (Central European Standard Time): GET /public/chuttersnap-221987-unsplash.jpg
Mon Nov 11 2019 11:53:26 GMT+0100 (Central European Standard Time): GET /public/daniil-vnoutchkov-397278-unsplash.jpg
Mon Nov 11 2019 11:53:26 GMT+0100 (Central European Standard Time): GET /public/francesca-saraco-64809-unsplash.jpg
Mon Nov 11 2019 11:53:26 GMT+0100 (Central European Standard Time): GET /uploads/2018-05-18T16-22-01.636Zscott-webb-67607-unsplash.jpg
Mon Nov 11 2019 11:53:26 GMT+0100 (Central European Standard Time): GET /public/shane-hauser-140922-unsplash.jpg
Mon Nov 11 2019 11:53:55 GMT+0100 (Central European Standard Time): GET /public/alex-block-354270-unsplash.jpg
Mon Nov 11 2019 11:53:55 GMT+0100 (Central European Standard Time): GET /public/chuttersnap-221987-unsplash.jpg
Mon Nov 11 2019 11:53:55 GMT+0100 (Central European Standard Time): GET /public/daniil-vnoutchkov-397278-unsplash.jpg
Mon Nov 11 2019 11:53:55 GMT+0100 (Central European Standard Time): GET /public/francesca-saraco-64809-unsplash.jpg
Mon Nov 11 2019 11:53:55 GMT+0100 (Central European Standard Time): GET /uploads/2018-05-18T16-22-01.636Zscott-webb-67607-unsplash.jpg
Mon Nov 11 2019 11:53:55 GMT+0100 (Central European Standard Time): GET /public/shane-hauser-140922-unsplash.jpg
Mon Nov 11 2019 12:05:34 GMT+0100 (Central European Standard Time): GET /public/alex-block-354270-unsplash.jpg
Mon Nov 11 2019 12:05:34 GMT+0100 (Central European Standard Time): GET /public/chuttersnap-221987-unsplash.jpg
Mon Nov 11 2019 12:05:34 GMT+0100 (Central European Standard Time): GET /public/daniil-vnoutchkov-397278-unsplash.jpg
Mon Nov 11 2019 12:05:34 GMT+0100 (Central European Standard Time): GET /public/francesca-saraco-64809-unsplash.jpg
Mon Nov 11 2019 12:05:34 GMT+0100 (Central European Standard Time): GET /public/shane-hauser-140922-unsplash.jpg
Mon Nov 11 2019 12:05:34 GMT+0100 (Central European Standard Time): GET /uploads/2018-05-18T16-22-01.636Zscott-webb-67607-unsplash.jpg
Mon Nov 11 2019 15:46:58 GMT+0100 (Central European Standard Time): GET /public/alex-block-354270-unsplash.jpg
Mon Nov 11 2019 15:46:58 GMT+0100 (Central European Standard Time): GET /public/daniil-vnoutchkov-397278-unsplash.jpg
Mon Nov 11 2019 15:46:58 GMT+0100 (Central European Standard Time): GET /public/chuttersnap-221987-unsplash.jpg
Mon Nov 11 2019 15:46:58 GMT+0100 (Central European Standard Time): GET /uploads/2018-05-18T16-22-01.636Zscott-webb-67607-unsplash.jpg
Mon Nov 11 2019 15:46:58 GMT+0100 (Central European Standard Time): GET /public/shane-hauser-140922-unsplash.jpg
Mon Nov 11 2019 15:46:58 GMT+0100 (Central European Standard Time): GET /public/francesca-saraco-64809-unsplash.jpg
Mon Nov 11 2019 15:47:37 GMT+0100 (Central European Standard Time): GET /public/alex-block-354270-unsplash.jpg
Mon Nov 11 2019 15:47:37 GMT+0100 (Central European Standard Time): GET /public/chuttersnap-221987-unsplash.jpg
Mon Nov 11 2019 15:47:37 GMT+0100 (Central European Standard Time): GET /public/daniil-vnoutchkov-397278-unsplash.jpg
Mon Nov 11 2019 15:47:37 GMT+0100 (Central European Standard Time): GET /public/francesca-saraco-64809-unsplash.jpg
Mon Nov 11 2019 15:47:37 GMT+0100 (Central European Standard Time): GET /public/shane-hauser-140922-unsplash.jpg
Mon Nov 11 2019 15:47:37 GMT+0100 (Central European Standard Time): GET /uploads/2018-05-18T16-22-01.636Zscott-webb-67607-unsplash.jpg
Mon Nov 11 2019 15:47:41 GMT+0100 (Central European Standard Time): GET /public/alex-block-354270-unsplash.jpg
Mon Nov 11 2019 15:47:41 GMT+0100 (Central European Standard Time): GET /public/chuttersnap-221987-unsplash.jpg
Mon Nov 11 2019 15:47:41 GMT+0100 (Central European Standard Time): GET /public/daniil-vnoutchkov-397278-unsplash.jpg
Mon Nov 11 2019 15:47:41 GMT+0100 (Central European Standard Time): GET /public/francesca-saraco-64809-unsplash.jpg
Mon Nov 11 2019 15:47:41 GMT+0100 (Central European Standard Time): GET /uploads/2018-05-18T16-22-01.636Zscott-webb-67607-unsplash.jpg
Mon Nov 11 2019 15:47:41 GMT+0100 (Central European Standard Time): GET /public/shane-hauser-140922-unsplash.jpg
Mon Nov 11 2019 15:49:33 GMT+0100 (Central European Standard Time): GET /public/shane-hauser-140922-unsplash.jpg
Mon Nov 11 2019 15:49:33 GMT+0100 (Central European Standard Time): GET /public/francesca-saraco-64809-unsplash.jpg
Mon Nov 11 2019 15:49:33 GMT+0100 (Central European Standard Time): GET /public/daniil-vnoutchkov-397278-unsplash.jpg
Mon Nov 11 2019 15:49:33 GMT+0100 (Central European Standard Time): GET /public/chuttersnap-221987-unsplash.jpg
Mon Nov 11 2019 15:49:33 GMT+0100 (Central European Standard Time): GET /public/alex-block-354270-unsplash.jpg
Mon Nov 11 2019 15:49:33 GMT+0100 (Central European Standard Time): GET /uploads/2018-05-18T16-22-01.636Zscott-webb-67607-unsplash.jpg
Mon Nov 11 2019 15:49:38 GMT+0100 (Central European Standard Time): GET /public/alex-block-354270-unsplash.jpg
Mon Nov 11 2019 15:49:38 GMT+0100 (Central European Standard Time): GET /public/chuttersnap-221987-unsplash.jpg
Mon Nov 11 2019 15:49:38 GMT+0100 (Central European Standard Time): GET /public/daniil-vnoutchkov-397278-unsplash.jpg
Mon Nov 11 2019 15:49:38 GMT+0100 (Central European Standard Time): GET /public/francesca-saraco-64809-unsplash.jpg
Mon Nov 11 2019 15:49:38 GMT+0100 (Central European Standard Time): GET /public/shane-hauser-140922-unsplash.jpg
Mon Nov 11 2019 15:49:38 GMT+0100 (Central European Standard Time): GET /uploads/2018-05-18T16-22-01.636Zscott-webb-67607-unsplash.jpg
Mon Nov 11 2019 15:49:45 GMT+0100 (Central European Standard Time): GET /auth/google/callback?code=4%2FtAHXoF3SauWTEPeKX0pkWcgicq6lL4Nsr_q0EZ5RIz8QiiYR9Yr1cfndjy-7g2JjFKagv-cjM4fPYuqnquP4bF0&scope=email+profile+https%3A%2F%2Fwww.googleapis.com%2Fauth%2Fuserinfo.profile+https%3A%2F%2Fwww.googleapis.com%2Fauth%2Fuserinfo.email+openid&authuser=0&session_state=819fa32a4f3b9364b07d9deafdf6b2985d5eeb97..d533&prompt=consent
Mon Nov 11 2019 15:49:47 GMT+0100 (Central European Standard Time): GET /public/alex-block-354270-unsplash.jpg
Mon Nov 11 2019 15:49:47 GMT+0100 (Central European Standard Time): GET /public/chuttersnap-221987-unsplash.jpg
Mon Nov 11 2019 15:49:47 GMT+0100 (Central European Standard Time): GET /public/daniil-vnoutchkov-397278-unsplash.jpg
Mon Nov 11 2019 15:49:47 GMT+0100 (Central European Standard Time): GET /public/francesca-saraco-64809-unsplash.jpg
Mon Nov 11 2019 15:49:47 GMT+0100 (Central European Standard Time): GET /public/shane-hauser-140922-unsplash.jpg
Mon Nov 11 2019 15:49:47 GMT+0100 (Central European Standard Time): GET /uploads/2018-05-18T16-22-01.636Zscott-webb-67607-unsplash.jpg
Mon Nov 11 2019 15:49:59 GMT+0100 (Central European Standard Time): GET /public/alex-block-354270-unsplash.jpg
Mon Nov 11 2019 15:49:59 GMT+0100 (Central European Standard Time): GET /public/chuttersnap-221987-unsplash.jpg
Mon Nov 11 2019 15:49:59 GMT+0100 (Central European Standard Time): GET /public/daniil-vnoutchkov-397278-unsplash.jpg
Mon Nov 11 2019 15:49:59 GMT+0100 (Central European Standard Time): GET /public/francesca-saraco-64809-unsplash.jpg
Mon Nov 11 2019 15:49:59 GMT+0100 (Central European Standard Time): GET /public/shane-hauser-140922-unsplash.jpg
Mon Nov 11 2019 15:49:59 GMT+0100 (Central European Standard Time): GET /uploads/2018-05-18T16-22-01.636Zscott-webb-67607-unsplash.jpg
Mon Nov 11 2019 15:58:53 GMT+0100 (Central European Standard Time): GET /public/alex-block-354270-unsplash.jpg
Mon Nov 11 2019 15:58:53 GMT+0100 (Central European Standard Time): GET /public/chuttersnap-221987-unsplash.jpg
Mon Nov 11 2019 15:58:53 GMT+0100 (Central European Standard Time): GET /public/daniil-vnoutchkov-397278-unsplash.jpg
Mon Nov 11 2019 15:58:53 GMT+0100 (Central European Standard Time): GET /public/francesca-saraco-64809-unsplash.jpg
Mon Nov 11 2019 15:58:53 GMT+0100 (Central European Standard Time): GET /public/shane-hauser-140922-unsplash.jpg
Mon Nov 11 2019 15:58:53 GMT+0100 (Central European Standard Time): GET /uploads/2018-05-18T16-22-01.636Zscott-webb-67607-unsplash.jpg
Mon Nov 11 2019 18:04:58 GMT+0100 (Central European Standard Time): GET /public/alex-block-354270-unsplash.jpg
Mon Nov 11 2019 18:04:58 GMT+0100 (Central European Standard Time): GET /public/daniil-vnoutchkov-397278-unsplash.jpg
Mon Nov 11 2019 18:04:58 GMT+0100 (Central European Standard Time): GET /uploads/2018-05-18T16-22-01.636Zscott-webb-67607-unsplash.jpg
Mon Nov 11 2019 18:04:58 GMT+0100 (Central European Standard Time): GET /public/chuttersnap-221987-unsplash.jpg
Mon Nov 11 2019 18:04:58 GMT+0100 (Central European Standard Time): GET /public/shane-hauser-140922-unsplash.jpg
Mon Nov 11 2019 18:04:58 GMT+0100 (Central European Standard Time): GET /public/francesca-saraco-64809-unsplash.jpg
Mon Nov 11 2019 18:06:24 GMT+0100 (Central European Standard Time): GET /public/alex-block-354270-unsplash.jpg
Mon Nov 11 2019 18:06:24 GMT+0100 (Central European Standard Time): GET /public/daniil-vnoutchkov-397278-unsplash.jpg
Mon Nov 11 2019 18:06:24 GMT+0100 (Central European Standard Time): GET /public/chuttersnap-221987-unsplash.jpg
Mon Nov 11 2019 18:06:24 GMT+0100 (Central European Standard Time): GET /public/francesca-saraco-64809-unsplash.jpg
Mon Nov 11 2019 18:06:24 GMT+0100 (Central European Standard Time): GET /public/shane-hauser-140922-unsplash.jpg
Mon Nov 11 2019 18:06:24 GMT+0100 (Central European Standard Time): GET /uploads/2018-05-18T16-22-01.636Zscott-webb-67607-unsplash.jpg
Mon Nov 11 2019 18:06:30 GMT+0100 (Central European Standard Time): GET /public/alex-block-354270-unsplash.jpg
Mon Nov 11 2019 18:06:30 GMT+0100 (Central European Standard Time): GET /public/francesca-saraco-64809-unsplash.jpg
Mon Nov 11 2019 18:06:30 GMT+0100 (Central European Standard Time): GET /public/chuttersnap-221987-unsplash.jpg
Mon Nov 11 2019 18:06:30 GMT+0100 (Central European Standard Time): GET /public/shane-hauser-140922-unsplash.jpg
Mon Nov 11 2019 18:06:30 GMT+0100 (Central European Standard Time): GET /public/daniil-vnoutchkov-397278-unsplash.jpg
Mon Nov 11 2019 18:06:30 GMT+0100 (Central European Standard Time): GET /uploads/2018-05-18T16-22-01.636Zscott-webb-67607-unsplash.jpg
Mon Nov 11 2019 18:06:34 GMT+0100 (Central European Standard Time): GET /public/alex-block-354270-unsplash.jpg
Mon Nov 11 2019 18:06:34 GMT+0100 (Central European Standard Time): GET /public/chuttersnap-221987-unsplash.jpg
Mon Nov 11 2019 18:06:34 GMT+0100 (Central European Standard Time): GET /public/daniil-vnoutchkov-397278-unsplash.jpg
Mon Nov 11 2019 18:06:34 GMT+0100 (Central European Standard Time): GET /public/francesca-saraco-64809-unsplash.jpg
Mon Nov 11 2019 18:06:34 GMT+0100 (Central European Standard Time): GET /public/shane-hauser-140922-unsplash.jpg
Mon Nov 11 2019 18:06:34 GMT+0100 (Central European Standard Time): GET /uploads/2018-05-18T16-22-01.636Zscott-webb-67607-unsplash.jpg
Mon Nov 11 2019 18:09:49 GMT+0100 (Central European Standard Time): GET /public/chuttersnap-221987-unsplash.jpg
Mon Nov 11 2019 18:09:49 GMT+0100 (Central European Standard Time): GET /public/alex-block-354270-unsplash.jpg
Mon Nov 11 2019 18:09:49 GMT+0100 (Central European Standard Time): GET /public/daniil-vnoutchkov-397278-unsplash.jpg
Mon Nov 11 2019 18:09:49 GMT+0100 (Central European Standard Time): GET /public/francesca-saraco-64809-unsplash.jpg
Mon Nov 11 2019 18:09:49 GMT+0100 (Central European Standard Time): GET /public/shane-hauser-140922-unsplash.jpg
Mon Nov 11 2019 18:09:49 GMT+0100 (Central European Standard Time): GET /uploads/2018-05-18T16-22-01.636Zscott-webb-67607-unsplash.jpg
Mon Nov 11 2019 18:10:28 GMT+0100 (Central European Standard Time): GET /public/alex-block-354270-unsplash.jpg
Mon Nov 11 2019 18:10:28 GMT+0100 (Central European Standard Time): GET /public/chuttersnap-221987-unsplash.jpg
Mon Nov 11 2019 18:10:28 GMT+0100 (Central European Standard Time): GET /public/daniil-vnoutchkov-397278-unsplash.jpg
Mon Nov 11 2019 18:10:28 GMT+0100 (Central European Standard Time): GET /public/shane-hauser-140922-unsplash.jpg
Mon Nov 11 2019 18:10:28 GMT+0100 (Central European Standard Time): GET /public/francesca-saraco-64809-unsplash.jpg
Mon Nov 11 2019 18:10:28 GMT+0100 (Central European Standard Time): GET /uploads/2018-05-18T16-22-01.636Zscott-webb-67607-unsplash.jpg
Mon Nov 11 2019 18:17:29 GMT+0100 (Central European Standard Time): GET /public/alex-block-354270-unsplash.jpg
Mon Nov 11 2019 18:17:29 GMT+0100 (Central European Standard Time): GET /public/chuttersnap-221987-unsplash.jpg
Mon Nov 11 2019 18:17:29 GMT+0100 (Central European Standard Time): GET /public/daniil-vnoutchkov-397278-unsplash.jpg
Mon Nov 11 2019 18:17:29 GMT+0100 (Central European Standard Time): GET /public/francesca-saraco-64809-unsplash.jpg
Mon Nov 11 2019 18:17:29 GMT+0100 (Central European Standard Time): GET /public/shane-hauser-140922-unsplash.jpg
Mon Nov 11 2019 18:17:29 GMT+0100 (Central European Standard Time): GET /uploads/2018-05-18T16-22-01.636Zscott-webb-67607-unsplash.jpg
Mon Nov 11 2019 18:19:22 GMT+0100 (Central European Standard Time): GET /public/alex-block-354270-unsplash.jpg
Mon Nov 11 2019 18:19:22 GMT+0100 (Central European Standard Time): GET /public/chuttersnap-221987-unsplash.jpg
Mon Nov 11 2019 18:19:22 GMT+0100 (Central European Standard Time): GET /public/francesca-saraco-64809-unsplash.jpg
Mon Nov 11 2019 18:19:22 GMT+0100 (Central European Standard Time): GET /public/shane-hauser-140922-unsplash.jpg
Mon Nov 11 2019 18:19:22 GMT+0100 (Central European Standard Time): GET /public/daniil-vnoutchkov-397278-unsplash.jpg
Mon Nov 11 2019 18:19:22 GMT+0100 (Central European Standard Time): GET /uploads/2018-05-18T16-22-01.636Zscott-webb-67607-unsplash.jpg
Mon Nov 11 2019 18:20:04 GMT+0100 (Central European Standard Time): GET /public/alex-block-354270-unsplash.jpg
Mon Nov 11 2019 18:20:04 GMT+0100 (Central European Standard Time): GET /public/chuttersnap-221987-unsplash.jpg
Mon Nov 11 2019 18:20:04 GMT+0100 (Central European Standard Time): GET /public/daniil-vnoutchkov-397278-unsplash.jpg
Mon Nov 11 2019 18:20:04 GMT+0100 (Central European Standard Time): GET /public/francesca-saraco-64809-unsplash.jpg
Mon Nov 11 2019 18:20:04 GMT+0100 (Central European Standard Time): GET /public/shane-hauser-140922-unsplash.jpg
Mon Nov 11 2019 18:20:04 GMT+0100 (Central European Standard Time): GET /uploads/2018-05-18T16-22-01.636Zscott-webb-67607-unsplash.jpg
Mon Nov 11 2019 18:24:53 GMT+0100 (Central European Standard Time): GET /public/alex-block-354270-unsplash.jpg
Mon Nov 11 2019 18:24:53 GMT+0100 (Central European Standard Time): GET /public/chuttersnap-221987-unsplash.jpg
Mon Nov 11 2019 18:24:53 GMT+0100 (Central European Standard Time): GET /public/daniil-vnoutchkov-397278-unsplash.jpg
Mon Nov 11 2019 18:24:53 GMT+0100 (Central European Standard Time): GET /public/francesca-saraco-64809-unsplash.jpg
Mon Nov 11 2019 18:24:53 GMT+0100 (Central European Standard Time): GET /public/shane-hauser-140922-unsplash.jpg
Mon Nov 11 2019 18:24:53 GMT+0100 (Central European Standard Time): GET /uploads/2018-05-18T16-22-01.636Zscott-webb-67607-unsplash.jpg
Mon Nov 11 2019 18:25:05 GMT+0100 (Central European Standard Time): GET /public/alex-block-354270-unsplash.jpg
Mon Nov 11 2019 18:25:05 GMT+0100 (Central European Standard Time): GET /public/daniil-vnoutchkov-397278-unsplash.jpg
Mon Nov 11 2019 18:25:05 GMT+0100 (Central European Standard Time): GET /public/francesca-saraco-64809-unsplash.jpg
Mon Nov 11 2019 18:25:05 GMT+0100 (Central European Standard Time): GET /public/chuttersnap-221987-unsplash.jpg
Mon Nov 11 2019 18:25:05 GMT+0100 (Central European Standard Time): GET /public/shane-hauser-140922-unsplash.jpg
Mon Nov 11 2019 18:25:05 GMT+0100 (Central European Standard Time): GET /uploads/2018-05-18T16-22-01.636Zscott-webb-67607-unsplash.jpg
Mon Nov 11 2019 18:25:13 GMT+0100 (Central European Standard Time): GET /public/alex-block-354270-unsplash.jpg
Mon Nov 11 2019 18:25:13 GMT+0100 (Central European Standard Time): GET /public/chuttersnap-221987-unsplash.jpg
Mon Nov 11 2019 18:25:13 GMT+0100 (Central European Standard Time): GET /public/daniil-vnoutchkov-397278-unsplash.jpg
Mon Nov 11 2019 18:25:13 GMT+0100 (Central European Standard Time): GET /public/francesca-saraco-64809-unsplash.jpg
Mon Nov 11 2019 18:25:13 GMT+0100 (Central European Standard Time): GET /public/shane-hauser-140922-unsplash.jpg
Mon Nov 11 2019 18:25:13 GMT+0100 (Central European Standard Time): GET /uploads/2018-05-18T16-22-01.636Zscott-webb-67607-unsplash.jpg
Mon Nov 11 2019 18:25:22 GMT+0100 (Central European Standard Time): GET /auth/google/callback?code=4%2FtAFNxmoLPHRX49ewxmqFqxusj9IhEDMTk_Z6tMgwS_-SJhED5Po83FKEze92fWbhN6FmyEvF93PckcPCaOy7J8I&scope=email+profile+https%3A%2F%2Fwww.googleapis.com%2Fauth%2Fuserinfo.profile+https%3A%2F%2Fwww.googleapis.com%2Fauth%2Fuserinfo.email+openid&authuser=0&session_state=31766c176c9e7f59f7a0f5272a63dd38f1f1d39d..3f94&prompt=consent
Mon Nov 11 2019 18:25:23 GMT+0100 (Central European Standard Time): GET /public/alex-block-354270-unsplash.jpg
Mon Nov 11 2019 18:25:23 GMT+0100 (Central European Standard Time): GET /public/chuttersnap-221987-unsplash.jpg
Mon Nov 11 2019 18:25:23 GMT+0100 (Central European Standard Time): GET /public/daniil-vnoutchkov-397278-unsplash.jpg
Mon Nov 11 2019 18:25:23 GMT+0100 (Central European Standard Time): GET /public/shane-hauser-140922-unsplash.jpg
Mon Nov 11 2019 18:25:23 GMT+0100 (Central European Standard Time): GET /public/francesca-saraco-64809-unsplash.jpg
Mon Nov 11 2019 18:25:23 GMT+0100 (Central European Standard Time): GET /uploads/2018-05-18T16-22-01.636Zscott-webb-67607-unsplash.jpg
Mon Nov 11 2019 18:25:41 GMT+0100 (Central European Standard Time): GET /public/alex-block-354270-unsplash.jpg
Mon Nov 11 2019 18:25:41 GMT+0100 (Central European Standard Time): GET /public/chuttersnap-221987-unsplash.jpg
Mon Nov 11 2019 18:25:41 GMT+0100 (Central European Standard Time): GET /public/daniil-vnoutchkov-397278-unsplash.jpg
Mon Nov 11 2019 18:25:42 GMT+0100 (Central European Standard Time): GET /public/francesca-saraco-64809-unsplash.jpg
Mon Nov 11 2019 18:25:42 GMT+0100 (Central European Standard Time): GET /public/shane-hauser-140922-unsplash.jpg
Mon Nov 11 2019 18:25:42 GMT+0100 (Central European Standard Time): GET /uploads/2018-05-18T16-22-01.636Zscott-webb-67607-unsplash.jpg
Mon Nov 11 2019 18:26:41 GMT+0100 (Central European Standard Time): GET /public/alex-block-354270-unsplash.jpg
Mon Nov 11 2019 18:26:41 GMT+0100 (Central European Standard Time): GET /public/daniil-vnoutchkov-397278-unsplash.jpg
Mon Nov 11 2019 18:26:41 GMT+0100 (Central European Standard Time): GET /public/chuttersnap-221987-unsplash.jpg
Mon Nov 11 2019 18:26:41 GMT+0100 (Central European Standard Time): GET /public/francesca-saraco-64809-unsplash.jpg
Mon Nov 11 2019 18:26:41 GMT+0100 (Central European Standard Time): GET /public/shane-hauser-140922-unsplash.jpg
Mon Nov 11 2019 18:26:41 GMT+0100 (Central European Standard Time): GET /uploads/2018-05-18T16-22-01.636Zscott-webb-67607-unsplash.jpg
Mon Nov 11 2019 18:44:07 GMT+0100 (Central European Standard Time): GET /public/alex-block-354270-unsplash.jpg
Mon Nov 11 2019 18:44:07 GMT+0100 (Central European Standard Time): GET /public/chuttersnap-221987-unsplash.jpg
Mon Nov 11 2019 18:44:07 GMT+0100 (Central European Standard Time): GET /public/daniil-vnoutchkov-397278-unsplash.jpg
Mon Nov 11 2019 18:44:07 GMT+0100 (Central European Standard Time): GET /public/francesca-saraco-64809-unsplash.jpg
Mon Nov 11 2019 18:44:07 GMT+0100 (Central European Standard Time): GET /public/shane-hauser-140922-unsplash.jpg
Mon Nov 11 2019 18:44:07 GMT+0100 (Central European Standard Time): GET /uploads/2018-05-18T16-22-01.636Zscott-webb-67607-unsplash.jpg
Mon Nov 11 2019 18:44:11 GMT+0100 (Central European Standard Time): GET /public/chuttersnap-221987-unsplash.jpg
Mon Nov 11 2019 18:44:11 GMT+0100 (Central European Standard Time): GET /public/alex-block-354270-unsplash.jpg
Mon Nov 11 2019 18:44:11 GMT+0100 (Central European Standard Time): GET /public/francesca-saraco-64809-unsplash.jpg
Mon Nov 11 2019 18:44:11 GMT+0100 (Central European Standard Time): GET /uploads/2018-05-18T16-22-01.636Zscott-webb-67607-unsplash.jpg
Mon Nov 11 2019 18:44:11 GMT+0100 (Central European Standard Time): GET /public/shane-hauser-140922-unsplash.jpg
Mon Nov 11 2019 18:44:11 GMT+0100 (Central European Standard Time): GET /public/daniil-vnoutchkov-397278-unsplash.jpg
Mon Nov 11 2019 18:45:17 GMT+0100 (Central European Standard Time): GET /public/alex-block-354270-unsplash.jpg
Mon Nov 11 2019 18:45:17 GMT+0100 (Central European Standard Time): GET /public/chuttersnap-221987-unsplash.jpg
Mon Nov 11 2019 18:45:17 GMT+0100 (Central European Standard Time): GET /public/daniil-vnoutchkov-397278-unsplash.jpg
Mon Nov 11 2019 18:45:17 GMT+0100 (Central European Standard Time): GET /public/shane-hauser-140922-unsplash.jpg
Mon Nov 11 2019 18:45:17 GMT+0100 (Central European Standard Time): GET /uploads/2018-05-18T16-22-01.636Zscott-webb-67607-unsplash.jpg
Mon Nov 11 2019 18:45:17 GMT+0100 (Central European Standard Time): GET /public/francesca-saraco-64809-unsplash.jpg
Mon Nov 11 2019 18:45:20 GMT+0100 (Central European Standard Time): GET /public/alex-block-354270-unsplash.jpg
Mon Nov 11 2019 18:45:20 GMT+0100 (Central European Standard Time): GET /uploads/2018-05-18T16-22-01.636Zscott-webb-67607-unsplash.jpg
Mon Nov 11 2019 18:45:20 GMT+0100 (Central European Standard Time): GET /public/chuttersnap-221987-unsplash.jpg
Mon Nov 11 2019 18:45:20 GMT+0100 (Central European Standard Time): GET /public/shane-hauser-140922-unsplash.jpg
Mon Nov 11 2019 18:45:20 GMT+0100 (Central European Standard Time): GET /public/daniil-vnoutchkov-397278-unsplash.jpg
Mon Nov 11 2019 18:45:20 GMT+0100 (Central European Standard Time): GET /public/francesca-saraco-64809-unsplash.jpg
Mon Nov 11 2019 18:46:25 GMT+0100 (Central European Standard Time): GET /public/alex-block-354270-unsplash.jpg
Mon Nov 11 2019 18:46:25 GMT+0100 (Central European Standard Time): GET /public/daniil-vnoutchkov-397278-unsplash.jpg
Mon Nov 11 2019 18:46:25 GMT+0100 (Central European Standard Time): GET /public/chuttersnap-221987-unsplash.jpg
Mon Nov 11 2019 18:46:25 GMT+0100 (Central European Standard Time): GET /uploads/2018-05-18T16-22-01.636Zscott-webb-67607-unsplash.jpg
Mon Nov 11 2019 18:46:25 GMT+0100 (Central European Standard Time): GET /public/shane-hauser-140922-unsplash.jpg
Mon Nov 11 2019 18:46:25 GMT+0100 (Central European Standard Time): GET /public/francesca-saraco-64809-unsplash.jpg
Mon Nov 11 2019 18:46:31 GMT+0100 (Central European Standard Time): GET /public/chuttersnap-221987-unsplash.jpg
Mon Nov 11 2019 18:46:31 GMT+0100 (Central European Standard Time): GET /public/alex-block-354270-unsplash.jpg
Mon Nov 11 2019 18:46:31 GMT+0100 (Central European Standard Time): GET /public/daniil-vnoutchkov-397278-unsplash.jpg
Mon Nov 11 2019 18:46:32 GMT+0100 (Central European Standard Time): GET /uploads/2018-05-18T16-22-01.636Zscott-webb-67607-unsplash.jpg
Mon Nov 11 2019 18:46:32 GMT+0100 (Central European Standard Time): GET /public/francesca-saraco-64809-unsplash.jpg
Mon Nov 11 2019 18:46:32 GMT+0100 (Central European Standard Time): GET /public/shane-hauser-140922-unsplash.jpg
Mon Nov 11 2019 18:47:58 GMT+0100 (Central European Standard Time): GET /public/alex-block-354270-unsplash.jpg
Mon Nov 11 2019 18:47:58 GMT+0100 (Central European Standard Time): GET /public/chuttersnap-221987-unsplash.jpg
Mon Nov 11 2019 18:47:58 GMT+0100 (Central European Standard Time): GET /public/daniil-vnoutchkov-397278-unsplash.jpg
Mon Nov 11 2019 18:47:58 GMT+0100 (Central European Standard Time): GET /public/francesca-saraco-64809-unsplash.jpg
Mon Nov 11 2019 18:47:58 GMT+0100 (Central European Standard Time): GET /public/shane-hauser-140922-unsplash.jpg
Mon Nov 11 2019 18:47:58 GMT+0100 (Central European Standard Time): GET /uploads/2018-05-18T16-22-01.636Zscott-webb-67607-unsplash.jpg
Mon Nov 11 2019 18:48:08 GMT+0100 (Central European Standard Time): GET /auth/google/callback?code=4%2FtAGoBofXpXMRbEHRWJzsYkpTHWYTo8hoAvUnIuaGA14Cw2cfKGWpO7T3TdV8AhqFy7ChhLddC80qGF3WQ6MNoJk&scope=email+profile+https%3A%2F%2Fwww.googleapis.com%2Fauth%2Fuserinfo.profile+https%3A%2F%2Fwww.googleapis.com%2Fauth%2Fuserinfo.email+openid&authuser=0&session_state=a0b589fa0d2f3347a9b7188050adcba8efe87e6e..67c4&prompt=consent
Mon Nov 11 2019 18:48:10 GMT+0100 (Central European Standard Time): GET /public/alex-block-354270-unsplash.jpg
Mon Nov 11 2019 18:48:10 GMT+0100 (Central European Standard Time): GET /public/chuttersnap-221987-unsplash.jpg
Mon Nov 11 2019 18:48:10 GMT+0100 (Central European Standard Time): GET /public/daniil-vnoutchkov-397278-unsplash.jpg
Mon Nov 11 2019 18:48:10 GMT+0100 (Central European Standard Time): GET /public/francesca-saraco-64809-unsplash.jpg
Mon Nov 11 2019 18:48:10 GMT+0100 (Central European Standard Time): GET /uploads/2018-05-18T16-22-01.636Zscott-webb-67607-unsplash.jpg
Mon Nov 11 2019 18:48:10 GMT+0100 (Central European Standard Time): GET /public/shane-hauser-140922-unsplash.jpg
Mon Nov 11 2019 18:52:19 GMT+0100 (Central European Standard Time): GET /public/alex-block-354270-unsplash.jpg
Mon Nov 11 2019 18:52:19 GMT+0100 (Central European Standard Time): GET /public/chuttersnap-221987-unsplash.jpg
Mon Nov 11 2019 18:52:19 GMT+0100 (Central European Standard Time): GET /public/daniil-vnoutchkov-397278-unsplash.jpg
Mon Nov 11 2019 18:52:19 GMT+0100 (Central European Standard Time): GET /public/francesca-saraco-64809-unsplash.jpg
Mon Nov 11 2019 18:52:19 GMT+0100 (Central European Standard Time): GET /public/shane-hauser-140922-unsplash.jpg
Mon Nov 11 2019 18:52:19 GMT+0100 (Central European Standard Time): GET /uploads/2018-05-18T16-22-01.636Zscott-webb-67607-unsplash.jpg
Mon Nov 11 2019 18:52:28 GMT+0100 (Central European Standard Time): GET /public/alex-block-354270-unsplash.jpg
Mon Nov 11 2019 18:52:29 GMT+0100 (Central European Standard Time): GET /public/chuttersnap-221987-unsplash.jpg
Mon Nov 11 2019 18:52:29 GMT+0100 (Central European Standard Time): GET /public/daniil-vnoutchkov-397278-unsplash.jpg
Mon Nov 11 2019 18:52:29 GMT+0100 (Central European Standard Time): GET /uploads/2018-05-18T16-22-01.636Zscott-webb-67607-unsplash.jpg
Mon Nov 11 2019 18:52:29 GMT+0100 (Central European Standard Time): GET /public/shane-hauser-140922-unsplash.jpg
Mon Nov 11 2019 18:52:29 GMT+0100 (Central European Standard Time): GET /public/francesca-saraco-64809-unsplash.jpg
Mon Nov 11 2019 19:09:57 GMT+0100 (Central European Standard Time): GET /public/alex-block-354270-unsplash.jpg
Mon Nov 11 2019 19:09:58 GMT+0100 (Central European Standard Time): GET /public/daniil-vnoutchkov-397278-unsplash.jpg
Mon Nov 11 2019 19:09:58 GMT+0100 (Central European Standard Time): GET /public/chuttersnap-221987-unsplash.jpg
Mon Nov 11 2019 19:09:58 GMT+0100 (Central European Standard Time): GET /uploads/2018-05-18T16-22-01.636Zscott-webb-67607-unsplash.jpg
Mon Nov 11 2019 19:09:58 GMT+0100 (Central European Standard Time): GET /public/shane-hauser-140922-unsplash.jpg
Mon Nov 11 2019 19:09:58 GMT+0100 (Central European Standard Time): GET /public/francesca-saraco-64809-unsplash.jpg
Mon Nov 11 2019 19:10:01 GMT+0100 (Central European Standard Time): GET /public/alex-block-354270-unsplash.jpg
Mon Nov 11 2019 19:10:01 GMT+0100 (Central European Standard Time): GET /public/daniil-vnoutchkov-397278-unsplash.jpg
Mon Nov 11 2019 19:10:01 GMT+0100 (Central European Standard Time): GET /public/chuttersnap-221987-unsplash.jpg
Mon Nov 11 2019 19:10:02 GMT+0100 (Central European Standard Time): GET /uploads/2018-05-18T16-22-01.636Zscott-webb-67607-unsplash.jpg
Mon Nov 11 2019 19:10:02 GMT+0100 (Central European Standard Time): GET /public/francesca-saraco-64809-unsplash.jpg
Mon Nov 11 2019 19:10:02 GMT+0100 (Central European Standard Time): GET /public/shane-hauser-140922-unsplash.jpg
Mon Nov 11 2019 19:12:33 GMT+0100 (Central European Standard Time): GET /public/alex-block-354270-unsplash.jpg
Mon Nov 11 2019 19:12:33 GMT+0100 (Central European Standard Time): GET /public/chuttersnap-221987-unsplash.jpg
Mon Nov 11 2019 19:12:33 GMT+0100 (Central European Standard Time): GET /public/daniil-vnoutchkov-397278-unsplash.jpg
Mon Nov 11 2019 19:12:33 GMT+0100 (Central European Standard Time): GET /public/francesca-saraco-64809-unsplash.jpg
Mon Nov 11 2019 19:12:34 GMT+0100 (Central European Standard Time): GET /public/shane-hauser-140922-unsplash.jpg
Mon Nov 11 2019 19:12:34 GMT+0100 (Central European Standard Time): GET /uploads/2018-05-18T16-22-01.636Zscott-webb-67607-unsplash.jpg
Mon Nov 11 2019 19:13:10 GMT+0100 (Central European Standard Time): GET /public/alex-block-354270-unsplash.jpg
Mon Nov 11 2019 19:13:10 GMT+0100 (Central European Standard Time): GET /public/chuttersnap-221987-unsplash.jpg
Mon Nov 11 2019 19:13:10 GMT+0100 (Central European Standard Time): GET /public/daniil-vnoutchkov-397278-unsplash.jpg
Mon Nov 11 2019 19:13:10 GMT+0100 (Central European Standard Time): GET /public/francesca-saraco-64809-unsplash.jpg
Mon Nov 11 2019 19:13:10 GMT+0100 (Central European Standard Time): GET /public/shane-hauser-140922-unsplash.jpg
Mon Nov 11 2019 19:13:10 GMT+0100 (Central European Standard Time): GET /uploads/2018-05-18T16-22-01.636Zscott-webb-67607-unsplash.jpg
Mon Nov 11 2019 19:13:16 GMT+0100 (Central European Standard Time): GET /public/alex-block-354270-unsplash.jpg
Mon Nov 11 2019 19:13:16 GMT+0100 (Central European Standard Time): GET /public/chuttersnap-221987-unsplash.jpg
Mon Nov 11 2019 19:13:16 GMT+0100 (Central European Standard Time): GET /public/daniil-vnoutchkov-397278-unsplash.jpg
Mon Nov 11 2019 19:13:16 GMT+0100 (Central European Standard Time): GET /public/francesca-saraco-64809-unsplash.jpg
Mon Nov 11 2019 19:13:16 GMT+0100 (Central European Standard Time): GET /public/shane-hauser-140922-unsplash.jpg
Mon Nov 11 2019 19:13:16 GMT+0100 (Central European Standard Time): GET /uploads/2018-05-18T16-22-01.636Zscott-webb-67607-unsplash.jpg
Mon Nov 11 2019 19:14:35 GMT+0100 (Central European Standard Time): GET /public/alex-block-354270-unsplash.jpg
Mon Nov 11 2019 19:14:35 GMT+0100 (Central European Standard Time): GET /public/chuttersnap-221987-unsplash.jpg
Mon Nov 11 2019 19:14:35 GMT+0100 (Central European Standard Time): GET /public/daniil-vnoutchkov-397278-unsplash.jpg
Mon Nov 11 2019 19:14:35 GMT+0100 (Central European Standard Time): GET /public/francesca-saraco-64809-unsplash.jpg
Mon Nov 11 2019 19:14:35 GMT+0100 (Central European Standard Time): GET /public/shane-hauser-140922-unsplash.jpg
Mon Nov 11 2019 19:14:35 GMT+0100 (Central European Standard Time): GET /uploads/2018-05-18T16-22-01.636Zscott-webb-67607-unsplash.jpg
Mon Nov 11 2019 19:14:49 GMT+0100 (Central European Standard Time): GET /auth/google/callback?code=4%2FtAECafvhDhkPi6fqPOchNoCkEVB4MWaV5Jpqm7ZPU4PazUt2nNvKfMAkrxYfiIzElNaPOBgsVOgdwXI56qjFQ-o&scope=email+profile+https%3A%2F%2Fwww.googleapis.com%2Fauth%2Fuserinfo.profile+https%3A%2F%2Fwww.googleapis.com%2Fauth%2Fuserinfo.email+openid&authuser=0&session_state=6d3e209226434d4c3bed02464ffa079e21d2c9e6..622b&prompt=consent
Mon Nov 11 2019 19:14:52 GMT+0100 (Central European Standard Time): GET /public/alex-block-354270-unsplash.jpg
Mon Nov 11 2019 19:14:52 GMT+0100 (Central European Standard Time): GET /public/chuttersnap-221987-unsplash.jpg
Mon Nov 11 2019 19:14:52 GMT+0100 (Central European Standard Time): GET /public/daniil-vnoutchkov-397278-unsplash.jpg
Mon Nov 11 2019 19:14:52 GMT+0100 (Central European Standard Time): GET /public/francesca-saraco-64809-unsplash.jpg
Mon Nov 11 2019 19:14:52 GMT+0100 (Central European Standard Time): GET /public/shane-hauser-140922-unsplash.jpg
Mon Nov 11 2019 19:14:52 GMT+0100 (Central European Standard Time): GET /uploads/2018-05-18T16-22-01.636Zscott-webb-67607-unsplash.jpg
Mon Nov 11 2019 19:15:45 GMT+0100 (Central European Standard Time): GET /public/alex-block-354270-unsplash.jpg
Mon Nov 11 2019 19:15:45 GMT+0100 (Central European Standard Time): GET /public/chuttersnap-221987-unsplash.jpg
Mon Nov 11 2019 19:15:45 GMT+0100 (Central European Standard Time): GET /public/daniil-vnoutchkov-397278-unsplash.jpg
Mon Nov 11 2019 19:15:45 GMT+0100 (Central European Standard Time): GET /public/francesca-saraco-64809-unsplash.jpg
Mon Nov 11 2019 19:15:45 GMT+0100 (Central European Standard Time): GET /public/shane-hauser-140922-unsplash.jpg
Mon Nov 11 2019 19:15:45 GMT+0100 (Central European Standard Time): GET /uploads/2018-05-18T16-22-01.636Zscott-webb-67607-unsplash.jpg
Mon Nov 11 2019 19:16:24 GMT+0100 (Central European Standard Time): GET /public/alex-block-354270-unsplash.jpg
Mon Nov 11 2019 19:16:24 GMT+0100 (Central European Standard Time): GET /public/chuttersnap-221987-unsplash.jpg
Mon Nov 11 2019 19:16:24 GMT+0100 (Central European Standard Time): GET /public/daniil-vnoutchkov-397278-unsplash.jpg
Mon Nov 11 2019 19:16:24 GMT+0100 (Central European Standard Time): GET /public/francesca-saraco-64809-unsplash.jpg
Mon Nov 11 2019 19:16:25 GMT+0100 (Central European Standard Time): GET /public/shane-hauser-140922-unsplash.jpg
Mon Nov 11 2019 19:16:25 GMT+0100 (Central European Standard Time): GET /uploads/2018-05-18T16-22-01.636Zscott-webb-67607-unsplash.jpg
Mon Nov 11 2019 19:16:58 GMT+0100 (Central European Standard Time): GET /public/alex-block-354270-unsplash.jpg
Mon Nov 11 2019 19:16:58 GMT+0100 (Central European Standard Time): GET /public/chuttersnap-221987-unsplash.jpg
Mon Nov 11 2019 19:16:58 GMT+0100 (Central European Standard Time): GET /public/daniil-vnoutchkov-397278-unsplash.jpg
Mon Nov 11 2019 19:16:58 GMT+0100 (Central European Standard Time): GET /public/francesca-saraco-64809-unsplash.jpg
Mon Nov 11 2019 19:16:58 GMT+0100 (Central European Standard Time): GET /public/shane-hauser-140922-unsplash.jpg
Mon Nov 11 2019 19:16:58 GMT+0100 (Central European Standard Time): GET /uploads/2018-05-18T16-22-01.636Zscott-webb-67607-unsplash.jpg
Mon Nov 11 2019 19:20:26 GMT+0100 (Central European Standard Time): GET /public/alex-block-354270-unsplash.jpg
Mon Nov 11 2019 19:20:26 GMT+0100 (Central European Standard Time): GET /public/chuttersnap-221987-unsplash.jpg
Mon Nov 11 2019 19:20:26 GMT+0100 (Central European Standard Time): GET /public/daniil-vnoutchkov-397278-unsplash.jpg
Mon Nov 11 2019 19:20:26 GMT+0100 (Central European Standard Time): GET /public/francesca-saraco-64809-unsplash.jpg
Mon Nov 11 2019 19:20:26 GMT+0100 (Central European Standard Time): GET /public/shane-hauser-140922-unsplash.jpg
Mon Nov 11 2019 19:20:26 GMT+0100 (Central European Standard Time): GET /uploads/2018-05-18T16-22-01.636Zscott-webb-67607-unsplash.jpg
Mon Nov 11 2019 19:23:40 GMT+0100 (Central European Standard Time): GET /public/alex-block-354270-unsplash.jpg
Mon Nov 11 2019 19:23:40 GMT+0100 (Central European Standard Time): GET /public/chuttersnap-221987-unsplash.jpg
Mon Nov 11 2019 19:23:40 GMT+0100 (Central European Standard Time): GET /public/daniil-vnoutchkov-397278-unsplash.jpg
Mon Nov 11 2019 19:23:40 GMT+0100 (Central European Standard Time): GET /public/francesca-saraco-64809-unsplash.jpg
Mon Nov 11 2019 19:23:40 GMT+0100 (Central European Standard Time): GET /public/shane-hauser-140922-unsplash.jpg
Mon Nov 11 2019 19:23:40 GMT+0100 (Central European Standard Time): GET /uploads/2018-05-18T16-22-01.636Zscott-webb-67607-unsplash.jpg
Mon Nov 11 2019 19:24:35 GMT+0100 (Central European Standard Time): GET /public/alex-block-354270-unsplash.jpg
Mon Nov 11 2019 19:24:35 GMT+0100 (Central European Standard Time): GET /public/chuttersnap-221987-unsplash.jpg
Mon Nov 11 2019 19:24:35 GMT+0100 (Central European Standard Time): GET /public/daniil-vnoutchkov-397278-unsplash.jpg
Mon Nov 11 2019 19:24:35 GMT+0100 (Central European Standard Time): GET /public/francesca-saraco-64809-unsplash.jpg
Mon Nov 11 2019 19:24:35 GMT+0100 (Central European Standard Time): GET /public/shane-hauser-140922-unsplash.jpg
Mon Nov 11 2019 19:24:35 GMT+0100 (Central European Standard Time): GET /uploads/2018-05-18T16-22-01.636Zscott-webb-67607-unsplash.jpg
Mon Nov 11 2019 19:24:41 GMT+0100 (Central European Standard Time): GET /public/alex-block-354270-unsplash.jpg
Mon Nov 11 2019 19:24:41 GMT+0100 (Central European Standard Time): GET /public/chuttersnap-221987-unsplash.jpg
Mon Nov 11 2019 19:24:41 GMT+0100 (Central European Standard Time): GET /public/daniil-vnoutchkov-397278-unsplash.jpg
Mon Nov 11 2019 19:24:41 GMT+0100 (Central European Standard Time): GET /public/francesca-saraco-64809-unsplash.jpg
Mon Nov 11 2019 19:24:41 GMT+0100 (Central European Standard Time): GET /public/shane-hauser-140922-unsplash.jpg
Mon Nov 11 2019 19:24:41 GMT+0100 (Central European Standard Time): GET /uploads/2018-05-18T16-22-01.636Zscott-webb-67607-unsplash.jpg
Mon Nov 11 2019 19:26:10 GMT+0100 (Central European Standard Time): GET /auth/google/callback?code=4%2FtAHUDKjiSJwO9jtH-sJvbeXRBfnyaUv8Vwwq2-4KhXEQZ4FfgSgeYsmXTAdorVRzKxr5tQtCSlRq_5ku3QE0p88&scope=email+profile+https%3A%2F%2Fwww.googleapis.com%2Fauth%2Fuserinfo.profile+https%3A%2F%2Fwww.googleapis.com%2Fauth%2Fuserinfo.email+openid&authuser=0&session_state=97cd7daac3f9b7cc9e83f2c00d4bfe83c3bf9d0e..25e4&prompt=consent
Mon Nov 11 2019 19:26:12 GMT+0100 (Central European Standard Time): GET /public/alex-block-354270-unsplash.jpg
Mon Nov 11 2019 19:26:12 GMT+0100 (Central European Standard Time): GET /public/chuttersnap-221987-unsplash.jpg
Mon Nov 11 2019 19:26:12 GMT+0100 (Central European Standard Time): GET /public/daniil-vnoutchkov-397278-unsplash.jpg
Mon Nov 11 2019 19:26:12 GMT+0100 (Central European Standard Time): GET /public/francesca-saraco-64809-unsplash.jpg
Mon Nov 11 2019 19:26:12 GMT+0100 (Central European Standard Time): GET /public/shane-hauser-140922-unsplash.jpg
Mon Nov 11 2019 19:26:12 GMT+0100 (Central European Standard Time): GET /uploads/2018-05-18T16-22-01.636Zscott-webb-67607-unsplash.jpg
Mon Nov 11 2019 19:26:18 GMT+0100 (Central European Standard Time): GET /public/chuttersnap-221987-unsplash.jpg
Mon Nov 11 2019 19:26:18 GMT+0100 (Central European Standard Time): GET /public/alex-block-354270-unsplash.jpg
Mon Nov 11 2019 19:26:18 GMT+0100 (Central European Standard Time): GET /public/daniil-vnoutchkov-397278-unsplash.jpg
Mon Nov 11 2019 19:26:18 GMT+0100 (Central European Standard Time): GET /public/francesca-saraco-64809-unsplash.jpg
Mon Nov 11 2019 19:26:18 GMT+0100 (Central European Standard Time): GET /public/shane-hauser-140922-unsplash.jpg
Mon Nov 11 2019 19:26:18 GMT+0100 (Central European Standard Time): GET /uploads/2018-05-18T16-22-01.636Zscott-webb-67607-unsplash.jpg
